TN:
SF:controllers\calculator.js
FN:10,getMaterialTypePrice
FN:19,getHandrailTypePrice
FN:30,calculate
FN:32,checkOnProvided
FNF:4
FNH:4
FNDA:4,getMaterialTypePrice
FNDA:4,getHandrailTypePrice
FNDA:4,calculate
FNDA:4,checkOnProvided
DA:1,1
DA:2,1
DA:3,1
DA:4,1
DA:5,1
DA:6,1
DA:7,1
DA:8,1
DA:9,1
DA:10,4
DA:11,4
DA:12,4
DA:13,4
DA:14,4
DA:15,4
DA:16,4
DA:17,4
DA:18,1
DA:19,4
DA:20,4
DA:21,4
DA:22,4
DA:23,4
DA:24,4
DA:25,4
DA:26,1
DA:27,1
DA:28,1
DA:29,1
DA:30,1
DA:31,4
DA:32,4
DA:33,4
DA:34,4
DA:35,12
DA:36,4
DA:37,4
DA:38,12
DA:39,4
DA:40,4
DA:41,3
DA:42,3
DA:43,4
DA:44,4
DA:45,4
DA:46,4
DA:47,4
DA:48,4
DA:49,4
DA:50,4
DA:51,4
DA:52,4
DA:53,4
DA:54,4
DA:55,4
DA:56,4
DA:57,1
DA:58,1
DA:59,1
LF:59
LH:59
BRDA:10,0,0,4
BRDA:16,1,0,0
BRDA:19,2,0,4
BRDA:24,3,0,0
BRDA:30,4,0,4
BRDA:32,5,0,4
BRDA:40,6,0,3
BRDA:34,7,0,12
BRDA:35,8,0,4
BRF:9
BRH:7
end_of_record
TN:
SF:routes\stairs.js
FN:7,checkQuery
FNF:1
FNH:0
FNDA:0,checkQuery
DA:1,1
DA:2,1
DA:3,1
DA:4,1
DA:5,1
DA:6,1
DA:7,1
DA:8,0
DA:9,0
DA:10,0
DA:11,0
DA:12,0
DA:13,0
DA:14,1
DA:15,1
DA:16,1
DA:17,1
DA:18,1
DA:19,1
DA:20,1
DA:21,1
DA:22,1
DA:23,1
DA:24,1
LF:24
LH:18
BRF:0
BRH:0
end_of_record
